#
# There is insufficient memory for the Java Runtime Environment to continue.
# Native memory allocation (mmap) failed to map 117440512 bytes for Failed to commit area from 0x0000000090000000 to 0x0000000097000000 of length 117440512.
# Possible reasons:
#   The system is out of physical RAM or swap space
#   The process is running with CompressedOops enabled, and the Java Heap may be blocking the growth of the native heap
# Possible solutions:
#   Reduce memory load on the system
#   Increase physical memory or swap space
#   Check if swap backing store is full
#   Decrease Java heap size (-Xmx/-Xms)
#   Decrease number of Java threads
#   Decrease Java thread stack sizes (-Xss)
#   Set larger code cache with -XX:ReservedCodeCacheSize=
# This output file may be truncated or incomplete.
#
#  Out of Memory Error (./src/hotspot/os/windows/os_windows.cpp:3301), pid=8400, tid=5356
#
# JRE version:  (11.0.10) (build )
# Java VM: OpenJDK 64-Bit Server VM (11.0.10+0-b96-7249189, mixed mode, sharing, tiered, compressed oops, g1 gc, windows-amd64)
# No core dump will be written. Minidumps are not enabled by default on client versions of Windows
#

---------------  S U M M A R Y ------------

Command Line: 

Host: Intel(R) Xeon(R) CPU           W3503  @ 2.40GHz, 2 cores, 6G,  Windows 10 , 64 bit Build 18362 (10.0.18362.329)
Time: Tue May 17 19:25:41 2022 Pakistan Standard Time elapsed time: 0.234534 seconds (0d 0h 0m 0s)

---------------  T H R E A D  ---------------

Current thread (0x000001857afce000):  JavaThread "Unknown thread" [_thread_in_vm, id=5356, stack(0x0000001249400000,0x0000001249500000)]

Stack: [0x0000001249400000,0x0000001249500000]
Native frames: (J=compiled Java code, j=interpreted, Vv=VM code, C=native code)
V  [jvm.dll+0x5ecfaa]
V  [jvm.dll+0x722bd5]
V  [jvm.dll+0x72412d]
V  [jvm.dll+0x7247e3]
V  [jvm.dll+0x242928]
V  [jvm.dll+0x5ea374]
V  [jvm.dll+0x5df425]
V  [jvm.dll+0x2fdebb]
V  [jvm.dll+0x2fde2a]
V  [jvm.dll+0x2fdd02]
V  [jvm.dll+0x302bf6]
V  [jvm.dll+0x34b2a3]
V  [jvm.dll+0x34b9a6]
V  [jvm.dll+0x34b3a3]
V  [jvm.dll+0x2d8888]
V  [jvm.dll+0x2d9a37]
V  [jvm.dll+0x701737]
V  [jvm.dll+0x702f2c]
V  [jvm.dll+0x3587d9]
V  [jvm.dll+0x6e4fae]
V  [jvm.dll+0x3c0be3]
V  [jvm.dll+0x3c2e91]
C  [jli.dll+0x5373]
C  [ucrtbase.dll+0x20e72]
C  [KERNEL32.DLL+0x17bd4]
C  [ntdll.dll+0x6ced1]


---------------  P R O C E S S  ---------------

Threads class SMR info:
_java_thread_list=0x000001857aec5910, length=0, elements={
}

Java Threads: ( => current thread )

Other Threads:
  0x000001857afe5800 GCTaskThread "GC Thread#0" [stack: 0x0000001249500000,0x0000001249600000] [id=3160]
  0x000001857b010000 ConcurrentGCThread "G1 Main Marker" [stack: 0x0000001249600000,0x0000001249700000] [id=788]
  0x000001857b011800 ConcurrentGCThread "G1 Conc#0" [stack: 0x0000001249700000,0x0000001249800000] [id=6088]

[error occurred during error reporting (printing all threads), id 0xc0000005, EXCEPTION_ACCESS_VIOLATION (0xc0000005) at pc=0x00007ffe90ee9107]

VM state:not at safepoint (not fully initialized)

VM Mutex/Monitor currently owned by a thread:  ([mutex/lock_event])
[0x000001857afc99f0] Heap_lock - owner thread: 0x000001857afce000

Heap address: 0x0000000090000000, size: 1792 MB, Compressed Oops mode: Non-zero based: 0x0000000090000000
Narrow klass base: 0x0000000000000000, Narrow klass shift: 0

GC Heap History (0 events):
No events

Deoptimization events (0 events):
No events

Classes redefined (0 events):
No events

Internal exceptions (0 events):
No events

Events (1 events):
Event: 0.073 Loaded shared library C:\Program Files\Android\Android Studio\jre\bin\zip.dll


Dynamic libraries:
0x00007ff62d430000 - 0x00007ff62d43a000 	C:\Program Files\Android\Android Studio\jre\bin\java.EXE
0x00007ffef1940000 - 0x00007ffef1b30000 	C:\Windows\SYSTEM32\ntdll.dll
0x00007ffef0560000 - 0x00007ffef0612000 	C:\Windows\System32\KERNEL32.DLL
0x00007ffeef3c0000 - 0x00007ffeef663000 	C:\Windows\System32\KERNELBASE.dll
0x00007ffeef700000 - 0x00007ffeef7fa000 	C:\Windows\System32\ucrtbase.dll
0x00007ffedbaa0000 - 0x00007ffedbab7000 	C:\Program Files\Android\Android Studio\jre\bin\VCRUNTIME140.dll
0x00007ffee07d0000 - 0x00007ffee07e9000 	C:\Program Files\Android\Android Studio\jre\bin\jli.dll
0x00007ffef0ff0000 - 0x00007ffef1184000 	C:\Windows\System32\USER32.dll
0x00007ffeef670000 - 0x00007ffeef691000 	C:\Windows\System32\win32u.dll
0x00007ffeefcb0000 - 0x00007ffeefcd6000 	C:\Windows\System32\GDI32.dll
0x00007ffee5740000 - 0x00007ffee59c5000 	C:\Windows\WinSxS\amd64_microsoft.windows.common-controls_6595b64144ccf1df_6.0.18362.535_none_e6c3b34713100821\COMCTL32.dll
0x00007ffeef830000 - 0x00007ffeef9c4000 	C:\Windows\System32\gdi32full.dll
0x00007ffef06d0000 - 0x00007ffef076e000 	C:\Windows\System32\msvcrt.dll
0x00007ffeef320000 - 0x00007ffeef3be000 	C:\Windows\System32\msvcp_win.dll
0x00007ffef0770000 - 0x00007ffef0aa6000 	C:\Windows\System32\combase.dll
0x00007ffef1190000 - 0x00007ffef12b0000 	C:\Windows\System32\RPCRT4.dll
0x00007ffeeea70000 - 0x00007ffeeeaf0000 	C:\Windows\System32\bcryptPrimitives.dll
0x00007ffeef9f0000 - 0x00007ffeefa1e000 	C:\Windows\System32\IMM32.DLL
0x00007ffedb7d0000 - 0x00007ffedb86d000 	C:\Program Files\Android\Android Studio\jre\bin\msvcp140.dll
0x00007ffe90c00000 - 0x00007ffe916cf000 	C:\Program Files\Android\Android Studio\jre\bin\server\jvm.dll
0x00007ffef03e0000 - 0x00007ffef0483000 	C:\Windows\System32\ADVAPI32.dll
0x00007ffef0630000 - 0x00007ffef06c7000 	C:\Windows\System32\sechost.dll
0x00007ffef1890000 - 0x00007ffef1898000 	C:\Windows\System32\PSAPI.DLL
0x00007ffeec880000 - 0x00007ffeec889000 	C:\Windows\SYSTEM32\WSOCK32.dll
0x00007ffeecb70000 - 0x00007ffeecb94000 	C:\Windows\SYSTEM32\WINMM.dll
0x00007ffef1820000 - 0x00007ffef188f000 	C:\Windows\System32\WS2_32.dll
0x00007ffee6560000 - 0x00007ffee656a000 	C:\Windows\SYSTEM32\VERSION.dll
0x00007ffeec9d0000 - 0x00007ffeec9fd000 	C:\Windows\SYSTEM32\WINMMBASE.dll
0x00007ffeeea20000 - 0x00007ffeeea6a000 	C:\Windows\System32\cfgmgr32.dll
0x00007ffeee890000 - 0x00007ffeee8a1000 	C:\Windows\System32\kernel.appcore.dll
0x00007ffeda2d0000 - 0x00007ffeda2e1000 	C:\Program Files\Android\Android Studio\jre\bin\verify.dll
0x00007ffede940000 - 0x00007ffedeb34000 	C:\Windows\SYSTEM32\DBGHELP.DLL
0x00007ffede910000 - 0x00007ffede93a000 	C:\Windows\SYSTEM32\dbgcore.DLL
0x00007ffed4f50000 - 0x00007ffed4f79000 	C:\Program Files\Android\Android Studio\jre\bin\java.dll
0x00007ffeec650000 - 0x00007ffeec65b000 	C:\Program Files\Android\Android Studio\jre\bin\jimage.dll
0x00007ffeda060000 - 0x00007ffeda078000 	C:\Program Files\Android\Android Studio\jre\bin\zip.dll

dbghelp: loaded successfully - version: 4.0.5 - missing functions: none
symbol engine: initialized successfully - sym options: 0x614 - pdb path: .;C:\Program Files\Android\Android Studio\jre\bin;C:\Windows\SYSTEM32;C:\Windows\WinSxS\amd64_microsoft.windows.common-controls_6595b64144ccf1df_6.0.18362.535_none_e6c3b34713100821;C:\Program Files\Android\Android Studio\jre\bin\server

VM Arguments:
java_command: <unknown>
java_class_path (initial): <not set>
Launcher Type: SUN_STANDARD

[Global flags]
     intx CICompilerCount                          = 2                                         {product} {ergonomic}
     uint ConcGCThreads                            = 1                                         {product} {ergonomic}
     uint G1ConcRefinementThreads                  = 2                                         {product} {ergonomic}
   size_t G1HeapRegionSize                         = 1048576                                   {product} {ergonomic}
    uintx GCDrainStackTargetSize                   = 64                                        {product} {ergonomic}
   size_t InitialHeapSize                          = 117440512                                 {product} {ergonomic}
   size_t MarkStackSize                            = 4194304                                   {product} {ergonomic}
   size_t MaxHeapSize                              = 1879048192                                {product} {ergonomic}
   size_t MinHeapDeltaBytes                        = 1048576                                   {product} {ergonomic}
    uintx NonNMethodCodeHeapSize                   = 5825164                                {pd product} {ergonomic}
    uintx NonProfiledCodeHeapSize                  = 122916538                              {pd product} {ergonomic}
    uintx ProfiledCodeHeapSize                     = 122916538                              {pd product} {ergonomic}
    uintx ReservedCodeCacheSize                    = 251658240                              {pd product} {ergonomic}
     bool SegmentedCodeCache                       = true                                      {product} {ergonomic}
     bool UseCompressedClassPointers               = true                                 {lp64_product} {ergonomic}
     bool UseCompressedOops                        = true                                 {lp64_product} {ergonomic}
     bool UseG1GC                                  = true                                      {product} {ergonomic}
     bool UseLargePagesIndividualAllocation        = false                                  {pd product} {ergonomic}

Logging:
Log output configuration:
 #0: stdout all=warning uptime,level,tags
 #1: stderr all=off uptime,level,tags

Environment Variables:
JAVA_HOME=F:\JDK 14 JAVA\jdk-14
PATH=C:\Program Files\Python310\Scripts\;C:\Program Files\Python310\;C:\Windows\system32;C:\Windows;C:\Windows\System32\Wbem;C:\Windows\System32\WindowsPowerShell\v1.0\;C:\Windows\System32\OpenSSH\;F:\JDK 14 JAVA\jdk-14\bin;C:\Program Files\Git\cmd;C:\Program Files\nodejs\;C:\Users\i c\AppData\Local\Microsoft\WindowsApps;F:\Vs Code\Microsoft VS Code\bin;F:\Flutter 2.2.3\flutter\bin;C:\Users\i c\AppData\Local\Pub\Cache\bin;C:\Users\i c\AppData\Roaming\npm;F:\Flutter 2.2.3\flutter\bin\mingit\cmd
USERNAME=i c
OS=Windows_NT
PROCESSOR_IDENTIFIER=Intel64 Family 6 Model 26 Stepping 5, GenuineIntel



---------------  S Y S T E M  ---------------

OS: Windows 10 , 64 bit Build 18362 (10.0.18362.329)
OS uptime: 1 days 0:52 hours

CPU:total 2 (initial active 2) (2 cores per cpu, 1 threads per core) family 6 model 26 stepping 5 microcode 0x1d, cmov, cx8, fxsr, mmx, sse, sse2, sse3, ssse3, sse4.1, sse4.2, popcnt, tsc, tscinvbit, tscinv

Memory: 4k page, system-wide physical 7165M (244M free)
TotalPageFile size 10165M (AvailPageFile size 1M)
current process WorkingSet (physical memory assigned to process): 9M, peak: 9M
current process commit charge ("private bytes"): 47M, peak: 159M

vm_info: OpenJDK 64-Bit Server VM (11.0.10+0-b96-7249189) for windows-amd64 JRE (11.0.10+0-b96-7249189), built on Mar 31 2021 21:44:00 by "builder" with MS VC++ 14.0 (VS2015)

END.
